[2013-10-08 10:58:37] testRouterTest::testMatchIsTrue.INFO: PASSED [] []
[2013-10-08 10:58:37] testRouterTest::testMatchIsFalse.INFO: PASSED [] []
[2013-10-08 10:58:37] testTemplateTest::testRenderIsNotFalse.ALERT: View file does not exist [] []
[2013-10-08 10:58:37] testTemplateTest::testRenderIsNotFalse.INFO: # ERROR # [] []
[2013-10-08 10:58:37] testTemplateTest::testRenderIsNotFalse.INFO: PASSED [] []
[2013-10-08 10:58:37] testTemplateTest::testRenderIsFalse.INFO: PASSED [] []
[2013-10-08 10:58:57] testRouterTest::testMatchIsTrue.INFO: PASSED [] []
[2013-10-08 10:58:57] testRouterTest::testMatchIsFalse.INFO: PASSED [] []
[2013-10-08 10:58:57] testTemplateTest::testRenderIsNotFalse.INFO: PASSED [] []
[2013-10-08 10:58:57] testTemplateTest::testRenderIsFalse.INFO: PASSED [] []
[2013-10-08 11:00:18] testRouterTest::testMatchIsTrue.INFO: PASSED [] []
[2013-10-08 11:00:18] testRouterTest::testMatchIsFalse.INFO: PASSED [] []
[2013-10-08 11:00:18] testRouterTest::testGetUri.ALERT: Failed asserting that false is true. [] []
[2013-10-08 11:00:18] testRouterTest::testGetUri.INFO: # FAILED # [] []
[2013-10-08 11:00:18] testRouterTest::testGetUri.INFO: PASSED [] []
[2013-10-08 11:00:18] testTemplateTest::testRenderIsNotFalse.INFO: PASSED [] []
[2013-10-08 11:00:18] testTemplateTest::testRenderIsFalse.INFO: PASSED [] []
[2013-10-08 11:00:22] testRouterTest::testMatchIsTrue.INFO: PASSED [] []
[2013-10-08 11:00:22] testRouterTest::testMatchIsFalse.INFO: PASSED [] []
[2013-10-08 11:00:22] testRouterTest::testGetUri.ALERT: Failed asserting that false is true. [] []
[2013-10-08 11:00:22] testRouterTest::testGetUri.INFO: # FAILED # [] []
[2013-10-08 11:00:22] testRouterTest::testGetUri.INFO: PASSED [] []
[2013-10-08 11:00:22] testTemplateTest::testRenderIsNotFalse.INFO: PASSED [] []
[2013-10-08 11:00:22] testTemplateTest::testRenderIsFalse.INFO: PASSED [] []
[2013-10-08 11:00:33] testRouterTest::testMatchIsTrue.INFO: PASSED [] []
[2013-10-08 11:00:33] testRouterTest::testMatchIsFalse.INFO: PASSED [] []
[2013-10-08 11:00:33] testRouterTest::testGetUri.ALERT: Failed asserting that false is true. [] []
[2013-10-08 11:00:33] testRouterTest::testGetUri.INFO: # FAILED # [] []
[2013-10-08 11:00:33] testRouterTest::testGetUri.INFO: PASSED [] []
[2013-10-08 11:00:33] testTemplateTest::testRenderIsNotFalse.INFO: PASSED [] []
[2013-10-08 11:00:33] testTemplateTest::testRenderIsFalse.INFO: PASSED [] []
[2013-10-08 11:00:38] testRouterTest::testMatchIsTrue.INFO: PASSED [] []
[2013-10-08 11:00:38] testRouterTest::testMatchIsFalse.INFO: PASSED [] []
[2013-10-08 11:00:38] testRouterTest::testGetUri.ALERT: Failed asserting that false is true. [] []
[2013-10-08 11:00:38] testRouterTest::testGetUri.INFO: # FAILED # [] []
[2013-10-08 11:00:38] testRouterTest::testGetUri.INFO: PASSED [] []
[2013-10-08 11:00:38] testTemplateTest::testRenderIsNotFalse.INFO: PASSED [] []
[2013-10-08 11:00:38] testTemplateTest::testRenderIsFalse.INFO: PASSED [] []
[2013-10-08 11:00:45] testRouterTest::testMatchIsTrue.INFO: PASSED [] []
[2013-10-08 11:00:45] testRouterTest::testMatchIsFalse.INFO: PASSED [] []
[2013-10-08 11:01:02] testRouterTest::testMatchIsTrue.INFO: PASSED [] []
[2013-10-08 11:01:02] testRouterTest::testMatchIsFalse.INFO: PASSED [] []
[2013-10-08 11:01:04] testRouterTest::testMatchIsTrue.INFO: PASSED [] []
[2013-10-08 11:01:04] testRouterTest::testMatchIsFalse.INFO: PASSED [] []
[2013-10-08 11:01:04] testRouterTest::testGetUri.INFO: PASSED [] []
[2013-10-08 11:01:04] testTemplateTest::testRenderIsNotFalse.INFO: PASSED [] []
[2013-10-08 11:01:04] testTemplateTest::testRenderIsFalse.INFO: PASSED [] []
[2013-10-08 11:02:06] testRouterTest::testMatchIsTrue.INFO: PASSED [] []
[2013-10-08 11:02:06] testRouterTest::testMatchIsFalse.INFO: PASSED [] []
[2013-10-08 11:02:06] testRouterTest::testGetUri.INFO: PASSED [] []
[2013-10-08 11:03:00] testRouterTest::testMatchIsTrue.INFO: PASSED [] []
[2013-10-08 11:03:00] testRouterTest::testMatchIsFalse.INFO: PASSED [] []
[2013-10-08 11:03:00] testRouterTest::testGetUri.INFO: PASSED [] []
[2013-10-08 11:03:06] testRouterTest::testMatchIsTrue.INFO: PASSED [] []
[2013-10-08 11:03:06] testRouterTest::testMatchIsFalse.INFO: PASSED [] []
[2013-10-08 11:03:06] testRouterTest::testGetUri.INFO: PASSED [] []
[2013-10-08 11:03:06] testRouterTest::testDecipher.INFO: PASSED [] []
[2013-10-08 11:03:06] testTemplateTest::testRenderIsNotFalse.INFO: PASSED [] []
[2013-10-08 11:03:06] testTemplateTest::testRenderIsFalse.INFO: PASSED [] []
[2013-10-08 11:22:16] testApiTest::testFetch.INFO: PASSED [] []
[2013-10-08 11:22:16] testRouterTest::testMatchIsTrue.INFO: PASSED [] []
[2013-10-08 11:22:16] testRouterTest::testMatchIsFalse.INFO: PASSED [] []
[2013-10-08 11:22:16] testRouterTest::testGetUri.INFO: PASSED [] []
[2013-10-08 11:22:16] testRouterTest::testDecipher.INFO: PASSED [] []
[2013-10-08 11:22:16] testTemplateTest::testRenderIsNotFalse.INFO: PASSED [] []
[2013-10-08 11:22:16] testTemplateTest::testRenderIsFalse.INFO: PASSED [] []
[2013-10-08 11:31:18] testApiTest::testFetch.INFO: PASSED [] []
[2013-10-08 11:31:18] testRouterTest::testMatchIsTrue.INFO: PASSED [] []
[2013-10-08 11:31:18] testRouterTest::testMatchIsFalse.INFO: PASSED [] []
[2013-10-08 11:31:18] testRouterTest::testGetUri.INFO: PASSED [] []
[2013-10-08 11:31:18] testRouterTest::testDecipher.INFO: PASSED [] []
[2013-10-08 11:31:18] testTemplateTest::testRenderIsNotFalse.INFO: PASSED [] []
[2013-10-08 11:31:18] testTemplateTest::testRenderIsFalse.INFO: PASSED [] []
[2013-10-08 11:31:36] testApiTest::testFetch.ALERT: Failed asserting that false is true. [] []
[2013-10-08 11:31:36] testApiTest::testFetch.INFO: # FAILED # [] []
[2013-10-08 11:31:36] testApiTest::testFetch.INFO: PASSED [] []
[2013-10-08 11:31:36] testRouterTest::testMatchIsTrue.INFO: PASSED [] []
[2013-10-08 11:31:36] testRouterTest::testMatchIsFalse.INFO: PASSED [] []
[2013-10-08 11:31:36] testRouterTest::testGetUri.INFO: PASSED [] []
[2013-10-08 11:31:36] testRouterTest::testDecipher.INFO: PASSED [] []
[2013-10-08 11:31:36] testTemplateTest::testRenderIsNotFalse.INFO: PASSED [] []
[2013-10-08 11:31:36] testTemplateTest::testRenderIsFalse.INFO: PASSED [] []
[2013-10-08 11:31:42] testApiTest::testFetch.ALERT: Failed asserting that false is true. [] []
[2013-10-08 11:31:42] testApiTest::testFetch.INFO: # FAILED # [] []
[2013-10-08 11:31:42] testApiTest::testFetch.INFO: PASSED [] []
[2013-10-08 11:31:42] testRouterTest::testMatchIsTrue.INFO: PASSED [] []
[2013-10-08 11:31:42] testRouterTest::testMatchIsFalse.INFO: PASSED [] []
[2013-10-08 11:31:42] testRouterTest::testGetUri.INFO: PASSED [] []
[2013-10-08 11:31:42] testRouterTest::testDecipher.INFO: PASSED [] []
[2013-10-08 11:31:42] testTemplateTest::testRenderIsNotFalse.INFO: PASSED [] []
[2013-10-08 11:31:42] testTemplateTest::testRenderIsFalse.INFO: PASSED [] []
[2013-10-08 11:31:52] testApiTest::testFetch.INFO: PASSED [] []
[2013-10-08 11:31:52] testRouterTest::testMatchIsTrue.INFO: PASSED [] []
[2013-10-08 11:31:52] testRouterTest::testMatchIsFalse.INFO: PASSED [] []
[2013-10-08 11:31:52] testRouterTest::testGetUri.INFO: PASSED [] []
[2013-10-08 11:31:52] testRouterTest::testDecipher.INFO: PASSED [] []
[2013-10-08 11:31:52] testTemplateTest::testRenderIsNotFalse.INFO: PASSED [] []
[2013-10-08 11:31:52] testTemplateTest::testRenderIsFalse.INFO: PASSED [] []
[2013-10-08 11:33:13] testApiTest::testFetch.INFO: PASSED [] []
[2013-10-08 11:33:13] testApiTest::testFetchFalse.INFO: PASSED [] []
[2013-10-08 11:33:13] testRouterTest::testMatchIsTrue.INFO: PASSED [] []
[2013-10-08 11:33:13] testRouterTest::testMatchIsFalse.INFO: PASSED [] []
[2013-10-08 11:33:13] testRouterTest::testGetUri.INFO: PASSED [] []
[2013-10-08 11:33:13] testRouterTest::testDecipher.INFO: PASSED [] []
[2013-10-08 11:33:13] testTemplateTest::testRenderIsNotFalse.INFO: PASSED [] []
[2013-10-08 11:33:13] testTemplateTest::testRenderIsFalse.INFO: PASSED [] []
[2013-10-08 11:34:05] testApiTest::testFetch.INFO: PASSED [] []
[2013-10-08 11:34:05] testApiTest::testFetchFalse.ALERT: Failed asserting that an array is empty. [] []
[2013-10-08 11:34:05] testApiTest::testFetchFalse.INFO: # FAILED # [] []
[2013-10-08 11:34:05] testApiTest::testFetchFalse.INFO: PASSED [] []
[2013-10-08 11:34:05] testRouterTest::testMatchIsTrue.INFO: PASSED [] []
[2013-10-08 11:34:05] testRouterTest::testMatchIsFalse.INFO: PASSED [] []
[2013-10-08 11:34:05] testRouterTest::testGetUri.INFO: PASSED [] []
[2013-10-08 11:34:05] testRouterTest::testDecipher.INFO: PASSED [] []
[2013-10-08 11:34:05] testTemplateTest::testRenderIsNotFalse.INFO: PASSED [] []
[2013-10-08 11:34:05] testTemplateTest::testRenderIsFalse.INFO: PASSED [] []
[2013-10-08 11:34:13] testApiTest::testFetch.INFO: PASSED [] []
[2013-10-08 11:34:13] testApiTest::testFetchFalse.ALERT: Failed asserting that an array is empty. [] []
[2013-10-08 11:34:13] testApiTest::testFetchFalse.INFO: # FAILED # [] []
[2013-10-08 11:34:13] testApiTest::testFetchFalse.INFO: PASSED [] []
[2013-10-08 11:34:13] testRouterTest::testMatchIsTrue.INFO: PASSED [] []
[2013-10-08 11:34:13] testRouterTest::testMatchIsFalse.INFO: PASSED [] []
[2013-10-08 11:34:13] testRouterTest::testGetUri.INFO: PASSED [] []
[2013-10-08 11:34:13] testRouterTest::testDecipher.INFO: PASSED [] []
[2013-10-08 11:34:13] testTemplateTest::testRenderIsNotFalse.INFO: PASSED [] []
[2013-10-08 11:34:13] testTemplateTest::testRenderIsFalse.INFO: PASSED [] []
[2013-10-08 11:34:21] testApiTest::testFetch.INFO: PASSED [] []
[2013-10-08 11:34:21] testApiTest::testFetchFalse.ALERT: Failed asserting that an array is empty. [] []
[2013-10-08 11:34:21] testApiTest::testFetchFalse.INFO: # FAILED # [] []
[2013-10-08 11:34:21] testApiTest::testFetchFalse.INFO: PASSED [] []
[2013-10-08 11:34:21] testRouterTest::testMatchIsTrue.INFO: PASSED [] []
[2013-10-08 11:34:21] testRouterTest::testMatchIsFalse.INFO: PASSED [] []
[2013-10-08 11:34:21] testRouterTest::testGetUri.INFO: PASSED [] []
[2013-10-08 11:34:21] testRouterTest::testDecipher.INFO: PASSED [] []
[2013-10-08 11:34:21] testTemplateTest::testRenderIsNotFalse.INFO: PASSED [] []
[2013-10-08 11:34:21] testTemplateTest::testRenderIsFalse.INFO: PASSED [] []
[2013-10-08 11:34:35] testApiTest::testFetch.INFO: PASSED [] []
[2013-10-08 11:34:35] testApiTest::testFetchFalse.ALERT: Failed asserting that an array is empty. [] []
[2013-10-08 11:34:35] testApiTest::testFetchFalse.INFO: # FAILED # [] []
[2013-10-08 11:34:35] testApiTest::testFetchFalse.INFO: PASSED [] []
[2013-10-08 11:34:35] testRouterTest::testMatchIsTrue.INFO: PASSED [] []
[2013-10-08 11:34:35] testRouterTest::testMatchIsFalse.INFO: PASSED [] []
[2013-10-08 11:34:35] testRouterTest::testGetUri.INFO: PASSED [] []
[2013-10-08 11:34:35] testRouterTest::testDecipher.INFO: PASSED [] []
[2013-10-08 11:34:35] testTemplateTest::testRenderIsNotFalse.INFO: PASSED [] []
[2013-10-08 11:34:35] testTemplateTest::testRenderIsFalse.INFO: PASSED [] []
[2013-10-08 11:34:53] testApiTest::testFetch.INFO: PASSED [] []
[2013-10-08 11:34:53] testApiTest::testFetchFalse.INFO: PASSED [] []
[2013-10-08 11:34:53] testRouterTest::testMatchIsTrue.INFO: PASSED [] []
[2013-10-08 11:34:53] testRouterTest::testMatchIsFalse.INFO: PASSED [] []
[2013-10-08 11:34:53] testRouterTest::testGetUri.INFO: PASSED [] []
[2013-10-08 11:34:53] testRouterTest::testDecipher.INFO: PASSED [] []
[2013-10-08 11:34:53] testTemplateTest::testRenderIsNotFalse.INFO: PASSED [] []
[2013-10-08 11:34:53] testTemplateTest::testRenderIsFalse.INFO: PASSED [] []
[2013-10-08 11:40:42] testApiTest::testFetch.INFO: PASSED [] []
[2013-10-08 11:40:42] testApiTest::testFetchFalse.INFO: PASSED [] []
[2013-10-08 11:40:42] testApiTest::testFetchWithoutAction.ALERT: An action for the API has not been defined. [] []
[2013-10-08 11:40:42] testApiTest::testFetchWithoutAction.INFO: # ERROR # [] []
[2013-10-08 11:40:42] testApiTest::testFetchWithoutAction.INFO: PASSED [] []
[2013-10-08 11:40:42] testRouterTest::testMatchIsTrue.INFO: PASSED [] []
[2013-10-08 11:40:42] testRouterTest::testMatchIsFalse.INFO: PASSED [] []
[2013-10-08 11:40:42] testRouterTest::testGetUri.INFO: PASSED [] []
[2013-10-08 11:40:42] testRouterTest::testDecipher.INFO: PASSED [] []
[2013-10-08 11:40:42] testTemplateTest::testRenderIsNotFalse.INFO: PASSED [] []
[2013-10-08 11:40:42] testTemplateTest::testRenderIsFalse.INFO: PASSED [] []
[2013-10-08 11:41:22] testApiTest::testFetch.INFO: PASSED [] []
[2013-10-08 11:41:22] testApiTest::testFetchFalse.INFO: PASSED [] []
[2013-10-08 11:41:22] testApiTest::testFetchWithoutAction.ALERT: An action for the API has not been defined. [] []
[2013-10-08 11:41:22] testApiTest::testFetchWithoutAction.INFO: # ERROR # [] []
[2013-10-08 11:41:22] testApiTest::testFetchWithoutAction.INFO: PASSED [] []
[2013-10-08 11:41:22] testRouterTest::testMatchIsTrue.INFO: PASSED [] []
[2013-10-08 11:41:22] testRouterTest::testMatchIsFalse.INFO: PASSED [] []
[2013-10-08 11:41:22] testRouterTest::testGetUri.INFO: PASSED [] []
[2013-10-08 11:41:22] testRouterTest::testDecipher.INFO: PASSED [] []
[2013-10-08 11:41:22] testTemplateTest::testRenderIsNotFalse.INFO: PASSED [] []
[2013-10-08 11:41:22] testTemplateTest::testRenderIsFalse.INFO: PASSED [] []
[2013-10-08 11:42:11] testApiTest::testFetch.INFO: PASSED [] []
[2013-10-08 11:42:11] testApiTest::testFetchFalse.INFO: PASSED [] []
[2013-10-08 11:42:11] testApiTest::testFetchWithoutAction.ALERT: An action for the API has not been defined. [] []
[2013-10-08 11:42:11] testApiTest::testFetchWithoutAction.INFO: # ERROR # [] []
[2013-10-08 11:42:11] testApiTest::testFetchWithoutAction.INFO: PASSED [] []
[2013-10-08 11:42:11] testRouterTest::testMatchIsTrue.INFO: PASSED [] []
[2013-10-08 11:42:11] testRouterTest::testMatchIsFalse.INFO: PASSED [] []
[2013-10-08 11:42:11] testRouterTest::testGetUri.INFO: PASSED [] []
[2013-10-08 11:42:11] testRouterTest::testDecipher.INFO: PASSED [] []
[2013-10-08 11:42:11] testTemplateTest::testRenderIsNotFalse.INFO: PASSED [] []
[2013-10-08 11:42:11] testTemplateTest::testRenderIsFalse.INFO: PASSED [] []
[2013-10-08 11:43:32] testApiTest::testFetch.INFO: PASSED [] []
[2013-10-08 11:43:32] testApiTest::testFetchFalse.INFO: PASSED [] []
[2013-10-08 11:43:52] testApiTest::testFetch.INFO: PASSED [] []
[2013-10-08 11:43:52] testApiTest::testFetchFalse.INFO: PASSED [] []
[2013-10-08 11:43:52] testApiTest::testFetchWithoutAction.INFO: PASSED [] []
[2013-10-08 11:43:52] testRouterTest::testMatchIsTrue.INFO: PASSED [] []
[2013-10-08 11:43:52] testRouterTest::testMatchIsFalse.INFO: PASSED [] []
[2013-10-08 11:43:52] testRouterTest::testGetUri.INFO: PASSED [] []
[2013-10-08 11:43:52] testRouterTest::testDecipher.INFO: PASSED [] []
[2013-10-08 11:43:52] testTemplateTest::testRenderIsNotFalse.INFO: PASSED [] []
[2013-10-08 11:43:52] testTemplateTest::testRenderIsFalse.INFO: PASSED [] []
[2013-10-08 11:45:41] testApiTest::testFetch.INFO: PASSED [] []
[2013-10-08 11:45:41] testApiTest::testFetchFalse.INFO: PASSED [] []
[2013-10-08 11:45:41] testApiTest::testFetchWithoutAction.INFO: PASSED [] []
[2013-10-08 11:45:41] testRouterTest::testMatchIsTrue.INFO: PASSED [] []
[2013-10-08 11:45:41] testRouterTest::testMatchIsFalse.INFO: PASSED [] []
[2013-10-08 11:45:41] testRouterTest::testGetUri.INFO: PASSED [] []
[2013-10-08 11:45:41] testRouterTest::testDecipher.INFO: PASSED [] []
[2013-10-08 11:45:41] testTemplateTest::testRenderIsNotFalse.INFO: PASSED [] []
[2013-10-08 11:45:41] testTemplateTest::testRenderIsFalse.INFO: PASSED [] []
[2013-10-08 11:45:47] testApiTest::testFetch.INFO: PASSED [] []
[2013-10-08 11:45:47] testApiTest::testFetchFalse.INFO: PASSED [] []
[2013-10-08 11:45:47] testApiTest::testFetchWithoutAction.INFO: PASSED [] []
[2013-10-08 11:45:47] testRouterTest::testMatchIsTrue.INFO: PASSED [] []
[2013-10-08 11:45:47] testRouterTest::testMatchIsFalse.INFO: PASSED [] []
[2013-10-08 11:45:47] testRouterTest::testGetUri.INFO: PASSED [] []
[2013-10-08 11:45:47] testRouterTest::testDecipher.INFO: PASSED [] []
[2013-10-08 11:45:47] testTemplateTest::testRenderIsNotFalse.INFO: PASSED [] []
[2013-10-08 11:45:47] testTemplateTest::testRenderIsFalse.INFO: PASSED [] []
[2013-10-08 11:45:53] testApiTest::testFetch.INFO: PASSED [] []
[2013-10-08 11:45:53] testApiTest::testFetchFalse.INFO: PASSED [] []
[2013-10-08 11:45:53] testApiTest::testFetchWithoutAction.ALERT: An action for the API has not been defined. [] []
[2013-10-08 11:45:53] testApiTest::testFetchWithoutAction.INFO: # FAILED # [] []
[2013-10-08 11:45:53] testApiTest::testFetchWithoutAction.INFO: PASSED [] []
[2013-10-08 11:45:53] testRouterTest::testMatchIsTrue.INFO: PASSED [] []
[2013-10-08 11:45:53] testRouterTest::testMatchIsFalse.INFO: PASSED [] []
[2013-10-08 11:45:53] testRouterTest::testGetUri.INFO: PASSED [] []
[2013-10-08 11:45:53] testRouterTest::testDecipher.INFO: PASSED [] []
[2013-10-08 11:45:53] testTemplateTest::testRenderIsNotFalse.INFO: PASSED [] []
[2013-10-08 11:45:53] testTemplateTest::testRenderIsFalse.INFO: PASSED [] []
[2013-10-08 11:46:01] testApiTest::testFetch.INFO: PASSED [] []
[2013-10-08 11:46:01] testApiTest::testFetchFalse.INFO: PASSED [] []
[2013-10-08 11:46:01] testApiTest::testFetchWithoutAction.INFO: PASSED [] []
[2013-10-08 11:46:01] testRouterTest::testMatchIsTrue.INFO: PASSED [] []
[2013-10-08 11:46:01] testRouterTest::testMatchIsFalse.INFO: PASSED [] []
[2013-10-08 11:46:01] testRouterTest::testGetUri.INFO: PASSED [] []
[2013-10-08 11:46:01] testRouterTest::testDecipher.INFO: PASSED [] []
[2013-10-08 11:46:01] testTemplateTest::testRenderIsNotFalse.INFO: PASSED [] []
[2013-10-08 11:46:01] testTemplateTest::testRenderIsFalse.INFO: PASSED [] []
[2013-10-08 11:47:35] testApiTest::testFetch.INFO: PASSED [] []
[2013-10-08 11:47:35] testApiTest::testFetchFalse.INFO: PASSED [] []
[2013-10-08 11:47:35] testApiTest::testFetchWithoutAction.ALERT: An action for the API has not been defined. [] []
[2013-10-08 11:47:35] testApiTest::testFetchWithoutAction.INFO: # ERROR # [] []
[2013-10-08 11:47:35] testApiTest::testFetchWithoutAction.INFO: PASSED [] []
[2013-10-08 11:47:35] testRouterTest::testMatchIsTrue.INFO: PASSED [] []
[2013-10-08 11:47:35] testRouterTest::testMatchIsFalse.INFO: PASSED [] []
[2013-10-08 11:47:35] testRouterTest::testGetUri.INFO: PASSED [] []
[2013-10-08 11:47:35] testRouterTest::testDecipher.INFO: PASSED [] []
[2013-10-08 11:47:35] testTemplateTest::testRenderIsNotFalse.INFO: PASSED [] []
[2013-10-08 11:47:35] testTemplateTest::testRenderIsFalse.INFO: PASSED [] []
[2013-10-08 11:48:28] testApiTest::testFetch.INFO: PASSED [] []
[2013-10-08 11:48:28] testApiTest::testFetchFalse.INFO: PASSED [] []
[2013-10-08 11:48:48] testApiTest::testFetch.INFO: PASSED [] []
[2013-10-08 11:48:48] testApiTest::testFetchFalse.INFO: PASSED [] []
[2013-10-08 11:48:48] testApiTest::testFetchWithoutAction.INFO: PASSED [] []
[2013-10-08 11:48:48] testRouterTest::testMatchIsTrue.INFO: PASSED [] []
[2013-10-08 11:48:48] testRouterTest::testMatchIsFalse.INFO: PASSED [] []
[2013-10-08 11:48:48] testRouterTest::testGetUri.INFO: PASSED [] []
[2013-10-08 11:48:48] testRouterTest::testDecipher.INFO: PASSED [] []
[2013-10-08 11:48:48] testTemplateTest::testRenderIsNotFalse.INFO: PASSED [] []
[2013-10-08 11:48:48] testTemplateTest::testRenderIsFalse.INFO: PASSED [] []
[2013-10-08 11:49:03] testApiTest::testFetch.INFO: PASSED [] []
[2013-10-08 11:49:03] testApiTest::testFetchFalse.INFO: PASSED [] []
[2013-10-08 11:49:03] testApiTest::testFetchWithoutAction.INFO: PASSED [] []
[2013-10-08 11:49:03] testRouterTest::testMatchIsTrue.INFO: PASSED [] []
[2013-10-08 11:49:03] testRouterTest::testMatchIsFalse.INFO: PASSED [] []
[2013-10-08 11:49:03] testRouterTest::testGetUri.INFO: PASSED [] []
[2013-10-08 11:49:03] testRouterTest::testDecipher.INFO: PASSED [] []
[2013-10-08 11:49:03] testTemplateTest::testRenderIsNotFalse.INFO: PASSED [] []
[2013-10-08 11:49:03] testTemplateTest::testRenderIsFalse.INFO: PASSED [] []
[2013-10-08 11:49:05] testApiTest::testFetch.INFO: PASSED [] []
[2013-10-08 11:49:05] testApiTest::testFetchFalse.INFO: PASSED [] []
[2013-10-08 11:49:05] testApiTest::testFetchWithoutAction.INFO: PASSED [] []
[2013-10-08 11:49:05] testRouterTest::testMatchIsTrue.INFO: PASSED [] []
[2013-10-08 11:49:05] testRouterTest::testMatchIsFalse.INFO: PASSED [] []
[2013-10-08 11:49:05] testRouterTest::testGetUri.INFO: PASSED [] []
[2013-10-08 11:49:05] testRouterTest::testDecipher.INFO: PASSED [] []
[2013-10-08 11:49:05] testTemplateTest::testRenderIsNotFalse.INFO: PASSED [] []
[2013-10-08 11:49:05] testTemplateTest::testRenderIsFalse.INFO: PASSED [] []
[2013-10-08 11:49:56] testApiTest::testFetch.INFO: PASSED [] []
[2013-10-08 11:49:56] testApiTest::testFetchFalse.INFO: PASSED [] []
[2013-10-08 11:49:56] testApiTest::testFetchWithoutAction.INFO: PASSED [] []
[2013-10-08 11:49:56] testRouterTest::testMatchIsTrue.INFO: PASSED [] []
[2013-10-08 11:49:56] testRouterTest::testMatchIsFalse.INFO: PASSED [] []
[2013-10-08 11:49:56] testRouterTest::testGetUri.INFO: PASSED [] []
[2013-10-08 11:49:56] testRouterTest::testDecipher.INFO: PASSED [] []
[2013-10-08 11:49:56] testTemplateTest::testRenderIsNotFalse.INFO: PASSED [] []
[2013-10-08 11:49:56] testTemplateTest::testRenderIsFalse.INFO: PASSED [] []
[2013-10-08 11:59:00] testApiTest::testFetch.INFO: PASSED [] []
[2013-10-08 11:59:00] testApiTest::testFetchFalse.INFO: PASSED [] []
[2013-10-08 11:59:00] testApiTest::testFetchWithoutAction.INFO: PASSED [] []
[2013-10-08 11:59:00] testRouterTest::testMatchIsTrue.INFO: PASSED [] []
[2013-10-08 11:59:00] testRouterTest::testMatchIsFalse.INFO: PASSED [] []
[2013-10-08 11:59:00] testRouterTest::testGetUri.INFO: PASSED [] []
[2013-10-08 11:59:00] testRouterTest::testDecipher.INFO: PASSED [] []
[2013-10-08 11:59:00] testTemplateTest::testRenderIsNotFalse.INFO: PASSED [] []
[2013-10-08 11:59:00] testTemplateTest::testRenderIsFalse.INFO: PASSED [] []
[2013-10-08 12:03:00] testApiTest::testFetch.INFO: PASSED [] []
[2013-10-08 12:03:00] testApiTest::testFetchFalse.INFO: PASSED [] []
[2013-10-08 12:03:00] testApiTest::testFetchWithoutAction.INFO: PASSED [] []
[2013-10-08 12:03:00] testRouterTest::testMatchIsTrue.INFO: PASSED [] []
[2013-10-08 12:03:00] testRouterTest::testMatchIsFalse.INFO: PASSED [] []
[2013-10-08 12:03:00] testRouterTest::testGetUri.INFO: PASSED [] []
[2013-10-08 12:03:00] testRouterTest::testDecipher.INFO: PASSED [] []
[2013-10-08 12:03:00] testTemplateTest::testRenderIsNotFalse.INFO: PASSED [] []
[2013-10-08 12:03:00] testTemplateTest::testRenderIsFalse.INFO: PASSED [] []
[2013-10-08 12:04:15] testApiTest::testFetch.INFO: PASSED [] []
[2013-10-08 12:04:15] testApiTest::testFetchFalse.INFO: PASSED [] []
[2013-10-08 12:04:15] testApiTest::testFetchWithoutAction.INFO: PASSED [] []
[2013-10-08 12:04:15] testRouterTest::testMatchIsTrue.INFO: PASSED [] []
[2013-10-08 12:04:15] testRouterTest::testMatchIsFalse.INFO: PASSED [] []
[2013-10-08 12:04:15] testRouterTest::testGetUri.INFO: PASSED [] []
[2013-10-08 12:04:15] testRouterTest::testDecipher.INFO: PASSED [] []
[2013-10-08 12:04:15] testTemplateTest::testRenderIsNotFalse.INFO: PASSED [] []
[2013-10-08 12:04:15] testTemplateTest::testRenderIsFalse.INFO: PASSED [] []
[2013-10-08 13:46:53] testApiTest::testFetch.INFO: PASSED [] []
[2013-10-08 13:46:53] testApiTest::testFetchFalse.INFO: PASSED [] []
[2013-10-08 13:46:53] testApiTest::testFetchWithoutAction.INFO: PASSED [] []
[2013-10-08 13:46:53] testRouterTest::testMatchIsTrue.INFO: PASSED [] []
[2013-10-08 13:46:53] testRouterTest::testMatchIsFalse.INFO: PASSED [] []
[2013-10-08 13:46:53] testRouterTest::testGetUri.INFO: PASSED [] []
[2013-10-08 13:46:53] testRouterTest::testDecipher.INFO: PASSED [] []
[2013-10-08 13:46:53] testTemplateTest::testRenderIsNotFalse.INFO: PASSED [] []
[2013-10-08 13:46:53] testTemplateTest::testRenderIsFalse.INFO: PASSED [] []
[2013-10-08 13:54:46] testApiTest::testFetch.INFO: PASSED [] []
[2013-10-08 13:54:46] testApiTest::testFetchFalse.INFO: PASSED [] []
[2013-10-08 13:54:46] testApiTest::testFetchWithoutAction.INFO: PASSED [] []
[2013-10-08 13:54:46] testRouterTest::testMatchIsTrue.INFO: PASSED [] []
[2013-10-08 13:54:46] testRouterTest::testMatchIsFalse.INFO: PASSED [] []
[2013-10-08 13:54:46] testRouterTest::testGetUri.INFO: PASSED [] []
[2013-10-08 13:54:46] testRouterTest::testDecipher.INFO: PASSED [] []
[2013-10-08 13:54:46] testTemplateTest::testRenderIsNotFalse.INFO: PASSED [] []
[2013-10-08 13:54:46] testTemplateTest::testRenderIsFalse.INFO: PASSED [] []
